<?xml version="1.0" encoding="UTF-8"?>
<!-- Generated by org.testng.reporters.JUnitReportReporter -->
<testsuite hostname="LAPTOP-POCHI3TQ" failures="0" tests="6" name="api.tests.DataDrivenTest" time="11.095" errors="0" timestamp="2023-12-04T10:13:30 IST" skipped="0">
  <testcase classname="api.tests.DataDrivenTest" name="testPostUser" time="1.749"/>
  <system-out/>
  <testcase classname="api.tests.DataDrivenTest" name="testPostUser" time="1.913"/>
  <system-out/>
  <testcase classname="api.tests.DataDrivenTest" name="testPostUser" time="1.616"/>
  <system-out/>
  <testcase classname="api.tests.DataDrivenTest" name="testGetDeleteUserByName" time="1.644"/>
  <system-out/>
  <testcase classname="api.tests.DataDrivenTest" name="testGetDeleteUserByName" time="1.845"/>
  <system-out/>
  <testcase classname="api.tests.DataDrivenTest" name="testGetDeleteUserByName" time="2.328"/>
  <system-out/>
</testsuite> <!-- api.tests.DataDrivenTest -->
