<?xml version="1.0" encoding="UTF-8"?>
<!-- Generated by org.testng.reporters.JUnitReportReporter -->
<testsuite hostname="LAPTOP-POCHI3TQ" failures="0" tests="4" name="api.tests.UserTests" time="11.722" errors="0" timestamp="2023-12-03T13:20:57 IST" skipped="0">
  <testcase classname="api.tests.UserTests" name="testPostUser" time="3.785"/>
  <system-out/>
  <testcase classname="api.tests.UserTests" name="testGetUserByName" time="1.923"/>
  <system-out/>
  <testcase classname="api.tests.UserTests" name="testUpdateUserByName" time="4.245"/>
  <system-out/>
  <testcase classname="api.tests.UserTests" name="testGetDeleteUserByName" time="1.769"/>
  <system-out/>
</testsuite> <!-- api.tests.UserTests -->
