<?xml version="1.0" encoding="UTF-8"?>
<!-- Generated by org.testng.reporters.JUnitReportReporter -->
<testsuite hostname="LAPTOP-POCHI3TQ" failures="0" tests="4" name="api.tests.UserTests2" time="11.901" errors="0" timestamp="2023-12-04T12:27:26 IST" skipped="0">
  <testcase classname="api.tests.UserTests2" name="testPostUser" time="3.442"/>
  <system-out/>
  <testcase classname="api.tests.UserTests2" name="testGetUserByName" time="2.241"/>
  <system-out/>
  <testcase classname="api.tests.UserTests2" name="testUpdateUserByName" time="4.485"/>
  <system-out/>
  <testcase classname="api.tests.UserTests2" name="testGetDeleteUserByName" time="1.733"/>
  <system-out/>
</testsuite> <!-- api.tests.UserTests2 -->
