<?xml version="1.0" encoding="UTF-8"?>
<!-- Generated by org.testng.reporters.JUnitReportReporter -->
<testsuite hostname="LAPTOP-POCHI3TQ" failures="0" tests="6" name="api.tests.DataDrivenTest" time="9.109" errors="0" timestamp="2023-12-04T10:32:10 IST" skipped="0">
  <testcase classname="api.tests.DataDrivenTest" name="testPostUser" time="1.405"/>
  <system-out/>
  <testcase classname="api.tests.DataDrivenTest" name="testPostUser" time="1.583"/>
  <system-out/>
  <testcase classname="api.tests.DataDrivenTest" name="testPostUser" time="1.514"/>
  <system-out/>
  <testcase classname="api.tests.DataDrivenTest" name="testGetDeleteUserByName" time="1.609"/>
  <system-out/>
  <testcase classname="api.tests.DataDrivenTest" name="testGetDeleteUserByName" time="1.512"/>
  <system-out/>
  <testcase classname="api.tests.DataDrivenTest" name="testGetDeleteUserByName" time="1.486"/>
  <system-out/>
</testsuite> <!-- api.tests.DataDrivenTest -->
