<?xml version="1.0" encoding="UTF-8"?>
<!-- Generated by org.testng.reporters.JUnitReportReporter -->
<testsuite hostname="LAPTOP-POCHI3TQ" failures="0" tests="4" name="api.tests.UserTests2" time="11.110" errors="0" timestamp="2023-12-04T10:32:10 IST" skipped="0">
  <testcase classname="api.tests.UserTests2" name="testPostUser" time="4.402"/>
  <system-out/>
  <testcase classname="api.tests.UserTests2" name="testGetUserByName" time="1.528"/>
  <system-out/>
  <testcase classname="api.tests.UserTests2" name="testUpdateUserByName" time="3.553"/>
  <system-out/>
  <testcase classname="api.tests.UserTests2" name="testGetDeleteUserByName" time="1.627"/>
  <system-out/>
</testsuite> <!-- api.tests.UserTests2 -->
